<?xml version="1.0" encoding="UTF-8"?>
<testng-results ignored="0" total="6" passed="6" failed="0" skipped="0">
  <reporter-output>
  </reporter-output>
  <suite started-at="2025-01-10T19:55:24 IST" name="Default suite" finished-at="2025-01-10T19:55:26 IST" duration-ms="1090">
    <groups>
    </groups>
    <test started-at="2025-01-10T19:55:24 IST" name="Default test" finished-at="2025-01-10T19:55:26 IST" duration-ms="1090">
      <class name="org.test.Annotations">
        <test-method is-config="true" signature="beforeSuite()[pri:0, instance:org.test.Annotations@7e057f43]" started-at="2025-01-10T19:55:24 IST" name="beforeSuite" finished-at="2025-01-10T19:55:24 IST" duration-ms="120" status="PASS">
          <reporter-output>
          </reporter-output>
        </test-method> <!-- beforeSuite -->
        <test-method is-config="true" signature="beforeTest()[pri:0, instance:org.test.Annotations@7e057f43]" started-at="2025-01-10T19:55:25 IST" name="beforeTest" finished-at="2025-01-10T19:55:25 IST" duration-ms="2" status="PASS">
          <reporter-output>
          </reporter-output>
        </test-method> <!-- beforeTest -->
        <test-method is-config="true" signature="beforeClass()[pri:0, instance:org.test.Annotations@7e057f43]" started-at="2025-01-10T19:55:25 IST" name="beforeClass" finished-at="2025-01-10T19:55:25 IST" duration-ms="1" status="PASS">
          <reporter-output>
          </reporter-output>
        </test-method> <!-- beforeClass -->
        <test-method is-config="true" signature="beforeMethod()[pri:0, instance:org.test.Annotations@7e057f43]" started-at="2025-01-10T19:55:25 IST" name="beforeMethod" finished-at="2025-01-10T19:55:25 IST" duration-ms="1" status="PASS">
          <reporter-output>
          </reporter-output>
        </test-method> <!-- beforeMethod -->
        <test-method signature="Test2()[pri:-2, instance:org.test.Annotations@7e057f43]" started-at="2025-01-10T19:55:25 IST" name="Test2" finished-at="2025-01-10T19:55:25 IST" duration-ms="43" status="PASS">
          <reporter-output>
          </reporter-output>
        </test-method> <!-- Test2 -->
        <test-method is-config="true" signature="afterMethod()[pri:0, instance:org.test.Annotations@7e057f43]" started-at="2025-01-10T19:55:25 IST" name="afterMethod" finished-at="2025-01-10T19:55:25 IST" duration-ms="10" status="PASS">
          <reporter-output>
          </reporter-output>
        </test-method> <!-- afterMethod -->
        <test-method is-config="true" signature="beforeMethod()[pri:0, instance:org.test.Annotations@7e057f43]" started-at="2025-01-10T19:55:25 IST" name="beforeMethod" finished-at="2025-01-10T19:55:25 IST" duration-ms="2" status="PASS">
          <reporter-output>
          </reporter-output>
        </test-method> <!-- beforeMethod -->
        <test-method signature="Test1()[pri:0, instance:org.test.Annotations@7e057f43]" started-at="2025-01-10T19:55:25 IST" name="Test1" finished-at="2025-01-10T19:55:25 IST" duration-ms="11" status="PASS">
          <reporter-output>
          </reporter-output>
        </test-method> <!-- Test1 -->
        <test-method is-config="true" signature="afterMethod()[pri:0, instance:org.test.Annotations@7e057f43]" started-at="2025-01-10T19:55:25 IST" name="afterMethod" finished-at="2025-01-10T19:55:25 IST" duration-ms="4" status="PASS">
          <reporter-output>
          </reporter-output>
        </test-method> <!-- afterMethod -->
        <test-method is-config="true" signature="beforeMethod()[pri:0, instance:org.test.Annotations@7e057f43]" started-at="2025-01-10T19:55:25 IST" name="beforeMethod" finished-at="2025-01-10T19:55:25 IST" duration-ms="3" status="PASS">
          <reporter-output>
          </reporter-output>
        </test-method> <!-- beforeMethod -->
        <test-method signature="ATest()[pri:1, instance:org.test.Annotations@7e057f43]" started-at="2025-01-10T19:55:25 IST" name="ATest" finished-at="2025-01-10T19:55:25 IST" duration-ms="26" status="PASS">
          <reporter-output>
          </reporter-output>
        </test-method> <!-- ATest -->
        <test-method is-config="true" signature="afterMethod()[pri:0, instance:org.test.Annotations@7e057f43]" started-at="2025-01-10T19:55:25 IST" name="afterMethod" finished-at="2025-01-10T19:55:25 IST" duration-ms="20" status="PASS">
          <reporter-output>
          </reporter-output>
        </test-method> <!-- afterMethod -->
        <test-method is-config="true" signature="beforeMethod()[pri:0, instance:org.test.Annotations@7e057f43]" started-at="2025-01-10T19:55:25 IST" name="beforeMethod" finished-at="2025-01-10T19:55:25 IST" duration-ms="5" status="PASS">
          <reporter-output>
          </reporter-output>
        </test-method> <!-- beforeMethod -->
        <test-method signature="ATest()[pri:1, instance:org.test.Annotations@7e057f43]" started-at="2025-01-10T19:55:25 IST" name="ATest" finished-at="2025-01-10T19:55:25 IST" duration-ms="15" status="PASS">
          <reporter-output>
          </reporter-output>
        </test-method> <!-- ATest -->
        <test-method is-config="true" signature="afterMethod()[pri:0, instance:org.test.Annotations@7e057f43]" started-at="2025-01-10T19:55:25 IST" name="afterMethod" finished-at="2025-01-10T19:55:25 IST" duration-ms="10" status="PASS">
          <reporter-output>
          </reporter-output>
        </test-method> <!-- afterMethod -->
        <test-method is-config="true" signature="beforeMethod()[pri:0, instance:org.test.Annotations@7e057f43]" started-at="2025-01-10T19:55:25 IST" name="beforeMethod" finished-at="2025-01-10T19:55:25 IST" duration-ms="3" status="PASS">
          <reporter-output>
          </reporter-output>
        </test-method> <!-- beforeMethod -->
        <test-method signature="ATest()[pri:1, instance:org.test.Annotations@7e057f43]" started-at="2025-01-10T19:55:25 IST" name="ATest" finished-at="2025-01-10T19:55:25 IST" duration-ms="35" status="PASS">
          <reporter-output>
          </reporter-output>
        </test-method> <!-- ATest -->
        <test-method is-config="true" signature="afterMethod()[pri:0, instance:org.test.Annotations@7e057f43]" started-at="2025-01-10T19:55:25 IST" name="afterMethod" finished-at="2025-01-10T19:55:25 IST" duration-ms="71" status="PASS">
          <reporter-output>
          </reporter-output>
        </test-method> <!-- afterMethod -->
        <test-method is-config="true" signature="beforeMethod()[pri:0, instance:org.test.Annotations@7e057f43]" started-at="2025-01-10T19:55:25 IST" name="beforeMethod" finished-at="2025-01-10T19:55:25 IST" duration-ms="3" status="PASS">
          <reporter-output>
          </reporter-output>
        </test-method> <!-- beforeMethod -->
        <test-method signature="Test3()[pri:1, instance:org.test.Annotations@7e057f43]" started-at="2025-01-10T19:55:25 IST" name="Test3" finished-at="2025-01-10T19:55:26 IST" duration-ms="10" status="PASS">
          <reporter-output>
          </reporter-output>
        </test-method> <!-- Test3 -->
        <test-method is-config="true" signature="afterMethod()[pri:0, instance:org.test.Annotations@7e057f43]" started-at="2025-01-10T19:55:26 IST" name="afterMethod" finished-at="2025-01-10T19:55:26 IST" duration-ms="1" status="PASS">
          <reporter-output>
          </reporter-output>
        </test-method> <!-- afterMethod -->
        <test-method is-config="true" signature="afterClass()[pri:0, instance:org.test.Annotations@7e057f43]" started-at="2025-01-10T19:55:26 IST" name="afterClass" finished-at="2025-01-10T19:55:26 IST" duration-ms="2" status="PASS">
          <reporter-output>
          </reporter-output>
        </test-method> <!-- afterClass -->
        <test-method is-config="true" signature="afterTest()[pri:0, instance:org.test.Annotations@7e057f43]" started-at="2025-01-10T19:55:26 IST" name="afterTest" finished-at="2025-01-10T19:55:26 IST" duration-ms="1" status="PASS">
          <reporter-output>
          </reporter-output>
        </test-method> <!-- afterTest -->
        <test-method is-config="true" signature="afterSuite()[pri:0, instance:org.test.Annotations@7e057f43]" started-at="2025-01-10T19:55:26 IST" name="afterSuite" finished-at="2025-01-10T19:55:26 IST" duration-ms="2" status="PASS">
          <reporter-output>
          </reporter-output>
        </test-method> <!-- afterSuite -->
      </class> <!-- org.test.Annotations -->
    </test> <!-- Default test -->
  </suite> <!-- Default suite -->
</testng-results>
