<?xml version="1.0" encoding="UTF-8"?>
<!-- Generated by org.testng.reporters.JUnitXMLReporter -->
<testsuite ignored="1" hostname="DESKTOP-II4SG9A" failures="0" tests="6" name="Default test" time="1.09" errors="0" timestamp="2025-01-10T19:55:26 IST">
  <testcase classname="org.test.Annotations" name="Test2" time="0.043"/>
  <testcase classname="org.test.Annotations" name="Test1" time="0.011"/>
  <testcase classname="org.test.Annotations" name="ATest" time="0.026"/>
  <testcase classname="org.test.Annotations" name="ATest" time="0.015"/>
  <testcase classname="org.test.Annotations" name="ATest" time="0.035"/>
  <testcase classname="org.test.Annotations" name="Test3" time="0.01"/>
  <testcase classname="org.test.Annotations" name="Test" time="0.0">
    <ignored/>
  </testcase> <!-- Test -->
</testsuite> <!-- Default test -->
