<?xml version="1.0" encoding="UTF-8"?>
<!-- Generated by org.testng.reporters.JUnitXMLReporter -->
<testsuite ignored="0" hostname="DESKTOP-II4SG9A" failures="0" tests="7" name="Default test" time="0.424" errors="0" timestamp="2025-01-13T20:24:40 IST">
  <testcase classname="org.test.SampleOne" name="Test1" time="0.027"/>
  <testcase classname="org.test.SampleOne" name="Test2" time="0.007"/>
  <testcase classname="org.test.SampleOne" name="Test3" time="0.013"/>
  <testcase classname="org.test.SampleOne" name="Test4" time="0.003"/>
  <testcase classname="org.test.SampleOne" name="Test5" time="0.004"/>
  <testcase classname="org.test.SampleOne" name="Test6" time="0.013"/>
  <testcase classname="org.test.SampleOne" name="Test7" time="0.009"/>
</testsuite> <!-- Default test -->
